부동산 크롤링 배치 시작
Fri Nov 19 07:07:01 UTC 2021
**********************************************************
1000275 보문로26길 37.58720469334632 127.02135356029717
화면 높이 : 22597
2130632253
2130539435
2130539542
2130539173
2130537211
2130453492
2130149465
2130588198
2130587824
2130616659
2130585346
2130588904
2130606327
2130589385
2130632096
2130588435
2130587947
2130589175
2130586066
2130588671
2130569334
2130555542
2130568717
2130540132
2130584149
2130563145
2130584758
2130556524
2130443157
2130455425
2130465981
2130471168
2130509738
2130497027
2130447129
2130454843
2130454722
2130469272
2130471290
2130500795
2130441591
2130406423
2130442003
2130439114
2130429772
2130418916
2130440890
2130442394
2130441195
2130406183
2130442753
2130429339
2130405694
2130385749
2130393771
2130375705
2130391994
2130392888
2130373827
2130369866
2130347282
2130300740
2130345202
2130301060
2130368138
2130368499
2130300886
2130301002
2130301605
2130300996
2130301030
2130300954
2130300915
2130300853
2128986515
2130285942
2130288777
2130288580
2130288412
2130282650
2130279408
2130216149
2130245699
2130230695
2130232882
2130233592
2130257877
2130239129
2130214152
2130212670
2130212343
2130255029
2130257089
2130258484
2130231468
2130254536
2130263196
2130231672
2130233016
2130213468
2130208513
2130158142
2130211804
2130209833
2130159690
2130210364
2130109634
2130211505
2130176723
2130211089
2130210302
2130158719
2130179551
2130134308
2130134042
2130149616
2130150042
2130149751
2130134570
2130133556
링크 수: 120
생성된 데이터: 120
**********************************************************
1000276 보문로31길 37.58816964537452 127.01568136950489
화면 높이 : 2303
2130485996
2130050852
2128964846
2128694813
2128615501
2128207791
2128192887
2127894853
2127894530
2128962010
2128608594
2127914631
링크 수: 12
생성된 데이터: 12
**********************************************************
1001045 동작구 총신대입구역_1 37.48597765914372 126.9808235857054
화면 높이 : 526
링크 수: 0
생성된 데이터: 0
**********************************************************
1001046 서울 관악구 신림역_4 37.486436139402514 126.9302137115341
화면 높이 : 22654
2129633058
2130615990
2130371172
2130319998
2130079026
2129942471
2130339280
2129750796
2129759852
2130303579
2130303492
2129487971
2130587945
2130617819
2130587279
2130587211
2130607038
2130619908
2130564060
2130611516
2130541527
2130424926
2130509795
2130428195
2130519010
2130492966
2130490606
2130437544
2130482834
2130486504
2130507180
2130511198
2130451236
2130492791
2130484701
2130346721
2130328810
2130361984
2130327466
2130358951
2130323534
2130321462
2129224794
2130273625
2130253597
2130257161
2130270495
2130257962
2130272012
2130239757
2130271126
2130257349
2130212274
2130207905
2130229220
2130213614
2130255536
2130230512
2130243901
2130245224
2130193208
2130197120
2130159669
2130197689
2130173156
2130155278
2129657971
2130017083
2130002743
2130040490
2130003394
2130021260
2130066748
2130087971
2130144736
2130088367
2130144601
2130145503
2130115692
2130117916
2129999484
2129999347
2129999447
2129999467
2130001825
2130002438
2129955799
2129973201
2129937535
2129958854
2129959479
2129977397
2129966341
2129974112
2129956634
2129959571
2129936055
2129980385
2129960743
2129981089
2129922046
2129925853
2129919471
2129897866
2129809041
2129839563
2129830255
2129860671
2129870695
2129850107
2129827188
2129854309
2129866851
2129868592
2129861684
2129808884
2129804306
2129869661
2129803700
2129857245
링크 수: 120
생성된 데이터: 120
**********************************************************
1001047 뱅뱅사거리_1 37.48862343831305 127.03346945025531
화면 높이 : 22692
2130345312
2129188144
2130248154
2130247532
2129188752
2129931713
2130156298
2129933594
2129940035
2129943662
2129828794
2129823258
2130625970
2130626603
2130626664
2130633773
2130633300
2130626492
2130633900
2130633650
2130419379
2130439297
2130434176
2130444721
2130437832
2130350237
2130402952
2130384484
2130203855
2130172779
2130175584
2130254767
2130270301
2130177579
2130269986
2130279464
2130195270
2130118238
2130154556
2130135278
2130037670
2130040359
2130030923
2130050014
2130043124
2130107728
2130038788
2130024367
2130067762
2130023579
2130035946
2130016687
2130051215
2130036532
2130037496
2130050177
2129993714
2130038313
2129767409
2129466036
2129902578
2129951807
2129905289
2129943841
2129921083
2130600416
2129811210
2129767447
2129786227
2129816316
2129816923
2129862882
2129825813
2129826515
2129863171
2129831991
2129784640
2129767435
2129862904
2129816677
2129767394
2129767422
2129764075
2129695585
2129678780
2129695252
2129703045
2129696963
2129709716
2129651791
2129706727
2129730539
2129728396
2129736753
2129635862
2130342957
2130367444
2129597697
2129640099
2129611048
2129548230
2129564544
2129575201
2129575922
2129581196
2129587948
2129557157
2129537472
2129589963
2129422721
2129465852
2129422722
2129522120
2129313014
2129278044
2129378839
2129406571
2129306940
2129277239
2129356322
링크 수: 120
생성된 데이터: 120
**********************************************************
1001048 뱅뱅사거리 37.49098505346684 127.02982945599554
화면 높이 : 3839
2130525324
2130503207
2130569676
2130544602
2130574363
2130533573
2130615376
2130624759
2130533358
2130573342
2130534221
2130501412
2130453907
2130479422
2130445664
2130500842
2130514053
2130530336
2130501588
2130477548
링크 수: 20
생성된 데이터: 20
**********************************************************
1001049 개봉동 현대아파트 인근 37.48956732297291 126.85579690602577
화면 높이 : 3801
2130089200
2129892942
2129919622
2129690917
2129690528
2130630282
2130630051
2130529387
2130505266
2130412829
2130506918
2129087735
2130301550
2130328381
2130327870
2130350843
2130048913
2130056309
2130594972
2129008306
링크 수: 20
생성된 데이터: 20
**********************************************************
1001050 교대역_1 37.490790031276504 127.01156764763162
화면 높이 : 22711
2130634218
2130554074
2130479074
2130482361
2130482078
2130320191
2129788254
2129777734
2129844976
2129788601
2129745021
2130349917
2129492980
2129435532
2130564475
2130595753
2129296977
2129356111
2130490791
2130481813
2130479772
2130452254
2130413803
2130395808
2129930591
2130373992
2130378388
2130324482
2129162150
2129165243
2129170766
2129166095
2129848975
2130276236
2130220249
2130214484
2129154874
2129088532
2129129149
2130146229
2130095457
2130051983
2130028457
2129959850
2128958438
2128957815
2128843618
2129978937
2129918322
2129919181
2129915884
2128676048
2129840447
2129798127
2129794707
2129797105
2129877562
2129797358
2129798524
2129735887
2129695876
2129662982
2129536482
2129581852
2129627598
2129569862
2129584692
2130218889
2129413916
2129504767
2129526718
2129420957
2130087526
2129595567
2129308637
2129305063
2129305505
2129303785
2129379894
2129395184
2129286104
2129302033
2129281022
2129279227
2128187250
2128238190
2128190980
2128208801
2128046764
2128116124
2128128459
2129217191
2129790367
2129789532
2127923659
2129087998
2129100108
2129088177
2129077331
2129076776
2128544584
2129009673
2129075307
2127807453
2129740754
2128965014
2128964697
2128964242
2128885752
2128807114
2128886155
2128793959
2128886015
2128718694
2128885612
2128762773
2128744783
2128736577
2128735927
2128761788
링크 수: 120
생성된 데이터: 120
**********************************************************
1001260 창동역 37.652806377355745 127.04899997749135
화면 높이 : 3801
2130089200
2129892942
2129919622
2129690528
Traceback (most recent call last):
  File "/home/ubuntu/elice-team5-projects/python/real-estate-crawling.py", line 74, in <module>
    title = link_list[i].find_element_by_xpath('div[1]/span')
  File "/home/ubuntu/.local/lib/python3.8/site-packages/selenium/webdriver/remote/webelement.py", line 351, in find_element_by_xpath
    return self.find_element(by=By.XPATH, value=xpath)
  File "/home/ubuntu/.local/lib/python3.8/site-packages/selenium/webdriver/remote/webelement.py", line 658, in find_element
    return self._execute(Command.FIND_CHILD_ELEMENT,
  File "/home/ubuntu/.local/lib/python3.8/site-packages/selenium/webdriver/remote/webelement.py", line 633, in _execute
    return self._parent.execute(command, params)
  File "/home/ubuntu/.local/lib/python3.8/site-packages/selenium/webdriver/remote/webdriver.py", line 321, in execute
    self.error_handler.check_response(response)
  File "/home/ubuntu/.local/lib/python3.8/site-packages/selenium/webdriver/remote/errorhandler.py", line 242, in check_response
    raise exception_class(message, screen, stacktrace)
selenium.common.exceptions.StaleElementReferenceException: Message: The element reference of <a class="item_link" href="javascript:void(0);"> is stale; either the element is no longer attached to the DOM, it is not in the current frame context, or the document has been refreshed

부동산 크롤링 배치 종료
Fri Nov 19 07:17:36 UTC 2021
